TN:
SF:server.js
FN:36,(anonymous_0)
FN:37,(anonymous_1)
FN:42,(anonymous_2)
FN:51,(anonymous_3)
FN:67,(anonymous_4)
FNF:5
FNH:4
FNDA:0,(anonymous_0)
FNDA:1,(anonymous_1)
FNDA:9,(anonymous_2)
FNDA:8,(anonymous_3)
FNDA:1,(anonymous_4)
DA:1,1
DA:2,1
DA:3,1
DA:4,1
DA:5,1
DA:6,1
DA:7,1
DA:8,1
DA:9,1
DA:11,1
DA:16,1
DA:34,1
DA:35,1
DA:36,1
DA:37,1
DA:38,1
DA:41,1
DA:42,1
DA:43,9
DA:48,8
DA:52,8
DA:53,8
DA:54,8
DA:58,1
DA:59,1
DA:63,1
DA:64,1
DA:65,1
DA:67,1
DA:68,1
DA:71,1
LF:31
LH:31
BRDA:43,0,0,8
BRDA:43,0,1,1
BRDA:44,1,0,9
BRDA:44,1,1,9
BRDA:44,1,2,8
BRDA:52,2,0,0
BRDA:52,2,1,8
BRF:7
BRH:6
end_of_record
TN:
SF:controllers/postController.js
FN:33,(anonymous_0)
FN:53,(anonymous_1)
FN:77,(anonymous_2)
FN:125,(anonymous_3)
FN:162,(anonymous_4)
FNF:5
FNH:5
FNDA:1,(anonymous_0)
FNDA:1,(anonymous_1)
FNDA:1,(anonymous_2)
FNDA:1,(anonymous_3)
FNDA:1,(anonymous_4)
DA:1,1
DA:2,1
DA:3,1
DA:4,1
DA:6,1
DA:11,1
DA:33,1
DA:34,1
DA:35,1
DA:36,1
DA:37,1
DA:38,1
DA:39,1
DA:41,0
DA:43,0
DA:48,0
DA:49,0
DA:53,1
DA:54,1
DA:55,1
DA:56,1
DA:57,1
DA:60,1
DA:61,1
DA:63,0
DA:65,0
DA:70,0
DA:73,0
DA:77,1
DA:78,1
DA:79,1
DA:89,1
DA:91,1
DA:102,1
DA:103,1
DA:106,1
DA:108,0
DA:109,0
DA:110,0
DA:113,0
DA:115,0
DA:120,0
DA:121,0
DA:125,1
DA:126,1
DA:127,1
DA:128,1
DA:130,1
DA:131,1
DA:132,1
DA:133,1
DA:134,1
DA:135,1
DA:136,1
DA:137,1
DA:139,1
DA:140,1
DA:143,1
DA:145,0
DA:146,0
DA:147,0
DA:150,0
DA:152,0
DA:157,0
DA:158,0
DA:162,1
DA:163,1
DA:164,1
DA:165,1
DA:167,1
DA:168,0
DA:169,0
DA:170,0
DA:173,1
DA:177,1
DA:181,0
DA:183,0
DA:188,0
DA:189,0
DA:193,1
LF:80
LH:51
BRDA:35,0,0,1
BRDA:35,0,1,0
BRDA:55,1,0,1
BRDA:55,1,1,0
BRDA:79,2,0,1
BRDA:79,2,1,0
BRDA:102,3,0,1
BRDA:102,3,1,0
BRDA:127,4,0,1
BRDA:127,4,1,0
BRDA:130,5,0,1
BRDA:130,5,1,0
BRDA:131,6,0,1
BRDA:131,6,1,0
BRDA:132,7,0,1
BRDA:132,7,1,0
BRDA:133,8,0,1
BRDA:133,8,1,0
BRDA:134,9,0,1
BRDA:134,9,1,0
BRDA:135,10,0,1
BRDA:135,10,1,0
BRDA:136,11,0,1
BRDA:136,11,1,0
BRDA:137,12,0,1
BRDA:137,12,1,0
BRDA:164,13,0,1
BRDA:164,13,1,0
BRDA:167,14,0,0
BRDA:167,14,1,1
BRF:30
BRH:15
end_of_record
TN:
SF:controllers/userController.js
FN:28,(anonymous_0)
FN:65,(anonymous_1)
FN:74,(anonymous_2)
FN:84,(anonymous_3)
FN:124,(anonymous_4)
FN:144,(anonymous_5)
FN:175,(anonymous_6)
FNF:7
FNH:4
FNDA:1,(anonymous_0)
FNDA:0,(anonymous_1)
FNDA:0,(anonymous_2)
FNDA:0,(anonymous_3)
FNDA:1,(anonymous_4)
FNDA:1,(anonymous_5)
FNDA:1,(anonymous_6)
DA:1,1
DA:2,1
DA:3,1
DA:4,1
DA:5,1
DA:7,1
DA:9,1
DA:28,1
DA:29,1
DA:30,1
DA:31,1
DA:32,1
DA:34,1
DA:35,1
DA:40,1
DA:44,1
DA:50,0
DA:54,0
DA:55,0
DA:58,0
DA:61,0
DA:65,1
DA:66,0
DA:67,0
DA:69,0
DA:70,0
DA:74,1
DA:75,0
DA:76,0
DA:77,0
DA:79,0
DA:80,0
DA:84,1
DA:85,0
DA:86,0
DA:87,0
DA:89,0
DA:90,0
DA:93,0
DA:94,0
DA:97,0
DA:99,0
DA:100,0
DA:104,0
DA:111,0
DA:113,0
DA:114,0
DA:117,0
DA:120,0
DA:124,1
DA:125,1
DA:126,1
DA:127,1
DA:128,1
DA:130,0
DA:132,0
DA:137,0
DA:140,0
DA:144,1
DA:145,1
DA:146,1
DA:147,1
DA:148,1
DA:149,1
DA:153,1
DA:155,0
DA:157,0
DA:158,0
DA:161,0
DA:163,0
DA:168,0
DA:171,0
DA:175,1
DA:176,1
DA:177,1
DA:178,1
DA:179,1
DA:180,1
DA:181,1
DA:182,1
DA:183,1
DA:184,0
DA:187,1
DA:188,1
DA:192,1
DA:200,0
DA:202,0
DA:203,0
DA:206,0
DA:208,0
DA:213,0
DA:216,0
DA:220,1
LF:93
LH:44
BRDA:34,0,0,1
BRDA:34,0,1,0
BRDA:34,1,0,1
BRDA:34,1,1,1
BRDA:66,2,0,0
BRDA:66,2,1,0
BRDA:75,3,0,0
BRDA:75,3,1,0
BRDA:89,4,0,0
BRDA:89,4,1,0
BRDA:99,5,0,0
BRDA:99,5,1,0
BRDA:126,6,0,1
BRDA:126,6,1,0
BRDA:146,7,0,1
BRDA:146,7,1,0
BRDA:148,8,0,1
BRDA:148,8,1,0
BRDA:177,9,0,1
BRDA:177,9,1,0
BRDA:179,10,0,1
BRDA:179,10,1,0
BRDA:180,11,0,1
BRDA:180,11,1,0
BRDA:181,12,0,1
BRDA:181,12,1,0
BRDA:182,13,0,1
BRDA:182,13,1,0
BRDA:183,14,0,0
BRDA:183,14,1,1
BRF:30
BRH:12
end_of_record
TN:
SF:models/postModel.js
FNF:0
FNH:0
DA:1,1
DA:3,1
DA:40,1
DA:41,1
LF:4
LH:4
BRF:0
BRH:0
end_of_record
TN:
SF:models/userModel.js
FN:35,(anonymous_0)
FN:39,(anonymous_1)
FNF:2
FNH:2
FNDA:1,(anonymous_0)
FNDA:1,(anonymous_1)
DA:1,1
DA:2,1
DA:4,1
DA:35,1
DA:36,1
DA:39,1
DA:40,1
DA:41,1
DA:43,1
DA:44,1
DA:47,1
DA:48,1
LF:12
LH:12
BRDA:40,0,0,1
BRDA:40,0,1,0
BRF:2
BRH:1
end_of_record
TN:
SF:routes/postRoutes.js
FNF:0
FNH:0
DA:1,1
DA:8,1
DA:9,1
DA:11,1
DA:12,1
DA:13,1
DA:14,1
DA:15,1
DA:16,1
LF:9
LH:9
BRF:0
BRH:0
end_of_record
TN:
SF:routes/userRoutes.js
FNF:0
FNH:0
DA:1,1
DA:10,1
DA:11,1
DA:13,1
DA:14,1
DA:15,1
DA:16,1
DA:17,1
DA:18,1
DA:19,1
LF:10
LH:10
BRF:0
BRH:0
end_of_record
